<?xml version="1.0" encoding="UTF-8"?>
<!-- Generated by org.testng.reporters.JUnitXMLReporter -->
<testsuite ignored="0" hostname="LAPTOP-PU8VKKP8" failures="1" tests="8" name="Command line test" time="35.789" errors="0" timestamp="2022-09-06T22:01:57 IST">
  <testcase classname="rahulshettyacademy.FrameworkFullPageTest" name="BasePageNavigation" time="0.565"/>
  <testcase classname="rahulshettyacademy.FrameworkFullPageTest" name="EnterLoginData" time="0.264"/>
  <testcase classname="rahulshettyacademy.FrameworkFullPageTest" name="ClickProduct" time="13.062"/>
  <testcase classname="rahulshettyacademy.FrameworkFullPageTest" name="CartSection" time="0.395"/>
  <testcase classname="rahulshettyacademy.FrameworkFullPageTest" name="CheckOutSection" time="0.621"/>
  <testcase classname="rahulshettyacademy.FrameworkFullPageTest" name="ConfirmationSection" time="0.096"/>
  <testcase classname="rahulshettyacademy.LoginPageErrorValidationTest" name="ErrormsgValidation" time="2.006"/>
  <testcase classname="rahulshettyacademy.ProductErrorValidationTest" name="ProductErrorValidation" time="10.616">
    <failure type="java.lang.AssertionError" message="expected [true] but found [false]">
      <![CDATA[java.lang.AssertionError: expected [true] but found [false]
at rahulshettyacademy.pageobjects.CartPage.VerifyProductToDisplay(CartPage.java:52)
at rahulshettyacademy.ProductErrorValidationTest.ProductErrorValidation(ProductErrorValidationTest.java:35)
at java.base/java.util.ArrayList.forEach(ArrayList.java:1511)
... Removed 41 stack frames]]>
    </failure>
  </testcase> <!-- ProductErrorValidation -->
</testsuite> <!-- Command line test -->
